2017-11-28  16:39:59.880 [main] INFO  com.leeshtao.cloudnote.user.service.UserServiceImpl - 登录时间:2017-11-28 16:39:59,用户:list,用户ID:100000000012
2017-11-28  17:03:46.267 [main] INFO  com.leeshtao.cloudnote.user.service.UserServiceImpl - 登录时间:2017-11-28 17:03:46,用户:list,用户ID:100000000012
2017-11-28  17:09:35.615 [main] INFO  com.leeshtao.cloudnote.user.service.UserServiceImpl - 登录时间:2017-11-28 17:09:35,用户:list,用户ID:100000000012
2017-11-28  17:22:00.635 [main] INFO  com.leeshtao.cloudnote.user.service.UserServiceImpl - 登录时间:2017-11-28 17:22:00,用户:list,用户ID:100000000012
2017-11-28  19:47:47.848 [main] INFO  com.leeshtao.cloudnote.user.service.UserServiceImpl - 新注册用户:
==================解码后:User==================
{
	"cnUserName":"list1",
	"cnUserNick":"list",
	"cnUserPassword":"b4af804009cb036a4ccdc33431ef9ac9",
	"cnUserToken":"d0f83802342c40abadcd399d7fa16459faec834e",
	"createBy":0,
	"createDate":"",
	"description":"",
	"id":0,
	"isValid":0,
	"lastUpdateBy":0,
	"lastUpdateDate":"",
	"status":0
}
==================解码后:User==================

2017-11-28  19:50:55.593 [main] INFO  com.leeshtao.cloudnote.user.service.UserServiceImpl - 新注册用户:
==================解码后:User==================
{
	"cnUserName":"list1",
	"cnUserNick":"list",
	"cnUserPassword":"b4af804009cb036a4ccdc33431ef9ac9",
	"cnUserToken":"6b773bad53864538a83fec8085644ddb0475b6d1",
	"createBy":0,
	"createDate":"",
	"description":"",
	"id":0,
	"isValid":0,
	"lastUpdateBy":0,
	"lastUpdateDate":"",
	"status":0
}
==================解码后:User==================

2017-11-28  19:51:49.568 [main] INFO  com.leeshtao.cloudnote.user.service.UserServiceImpl - 新注册用户:
==================解码后:User==================
{
	"cnUserName":"list1",
	"cnUserNick":"list",
	"cnUserPassword":"b4af804009cb036a4ccdc33431ef9ac9",
	"cnUserToken":"06e3cc01516042a48b5b171476efd71410d4808b",
	"createBy":0,
	"createDate":"2017-11-28 19:51:49",
	"description":"",
	"id":100000000017,
	"isValid":1,
	"lastUpdateBy":0,
	"lastUpdateDate":"",
	"status":0
}
==================解码后:User==================

